<?xml version="1.0" encoding="UTF-8"?>
<!-- Generated by org.testng.reporters.JUnitReportReporter -->
<testsuite skipped="0" hostname="user-PC" name="com.sevenrmart.qa.testcases.VerifyExpenceCategoryPageTest" tests="8" failures="0" timestamp="2022-06-16T20:04:21 GST" time="10.262" errors="0">
  <testcase name="f" time="0.015" classname="com.sevenrmart.qa.testcases.VerifyExpenceCategoryPageTest"/>
  <system-out/>
  <testcase name="beforeTest" time="4.533" classname="com.sevenrmart.qa.testcases.VerifyExpenceCategoryPageTest"/>
  <system-out/>
  <testcase name="openManageExpense" time="0.539" classname="com.sevenrmart.qa.testcases.VerifyExpenceCategoryPageTest"/>
  <system-out/>
  <testcase name="clickExpenseCategory" time="1.127" classname="com.sevenrmart.qa.testcases.VerifyExpenceCategoryPageTest"/>
  <system-out/>
  <testcase name="addNewCategory" time="1.190" classname="com.sevenrmart.qa.testcases.VerifyExpenceCategoryPageTest"/>
  <system-out/>
  <testcase name="addDuplicateCategory" time="0.812" classname="com.sevenrmart.qa.testcases.VerifyExpenceCategoryPageTest"/>
  <system-out/>
  <testcase name="searchCategory" time="0.796" classname="com.sevenrmart.qa.testcases.VerifyExpenceCategoryPageTest"/>
  <system-out/>
  <testcase name="deleteCategory" time="1.250" classname="com.sevenrmart.qa.testcases.VerifyExpenceCategoryPageTest"/>
  <system-out/>
</testsuite> <!-- com.sevenrmart.qa.testcases.VerifyExpenceCategoryPageTest -->
