<?xml version="1.0" encoding="UTF-8"?>
<!-- Generated by org.testng.reporters.JUnitReportReporter -->
<testsuite skipped="0" hostname="user-PC" name="com.sevenrmart.qa.testcases.VerifyLoginPageTest" tests="4" failures="0" timestamp="2022-06-07T07:02:07 GST" time="6.839" errors="0">
  <testcase name="f" time="0.025" classname="com.sevenrmart.qa.testcases.VerifyLoginPageTest"/>
  <system-out/>
  <testcase name="f" time="0.006" classname="com.sevenrmart.qa.testcases.VerifyLoginPageTest"/>
  <system-out/>
  <testcase name="loginAction" time="3.596" classname="com.sevenrmart.qa.testcases.VerifyLoginPageTest"/>
  <system-out/>
  <testcase name="loginAction" time="3.212" classname="com.sevenrmart.qa.testcases.VerifyLoginPageTest"/>
  <system-out/>
</testsuite> <!-- com.sevenrmart.qa.testcases.VerifyLoginPageTest -->
