<?xml version="1.0" encoding="UTF-8"?>
<!-- Generated by org.testng.reporters.JUnitReportReporter -->
<testsuite skipped="0" hostname="user-PC" name="com.sevenrmart.qa.testcases.VerifyLoginPageTest" tests="2" failures="0" timestamp="2022-06-13T23:32:18 GST" time="3.663" errors="0">
  <testcase name="f" time="0.024" classname="com.sevenrmart.qa.testcases.VerifyLoginPageTest"/>
  <system-out/>
  <testcase name="loginAction" time="3.639" classname="com.sevenrmart.qa.testcases.VerifyLoginPageTest"/>
  <system-out/>
</testsuite> <!-- com.sevenrmart.qa.testcases.VerifyLoginPageTest -->
